<?xml version="1.0" encoding="UTF-8"?>
<!-- Generated by org.testng.reporters.JUnitReportReporter -->
<testsuite hostname="ERMINA-PRECISION" failures="0" tests="3" name="demoblaze.DemoBlazeProject" time="8.210" errors="0" timestamp="2023-04-10T18:08:46 PDT" skipped="0">
  <testcase classname="demoblaze.DemoBlazeProject" name="testLogin" time="2.861"/>
  <system-out/>
  <testcase classname="demoblaze.DemoBlazeProject" name="testAddToCart" time="2.329"/>
  <system-out/>
  <testcase classname="demoblaze.DemoBlazeProject" name="testPlaceOrder" time="3.020"/>
  <system-out/>
</testsuite> <!-- demoblaze.DemoBlazeProject -->
