<?xml version="1.0" encoding="UTF-8"?>
<!-- Generated by org.testng.reporters.JUnitReportReporter -->
<testsuite hostname="ERMINA-PRECISION" failures="0" tests="3" name="demoblaze.DemoBlazeProject" time="10.790" errors="0" timestamp="2023-04-18T21:13:16 PDT" skipped="0">
  <testcase classname="demoblaze.DemoBlazeProject" name="testLogin" time="5.572"/>
  <system-out/>
  <testcase classname="demoblaze.DemoBlazeProject" name="testAddToCart" time="2.292"/>
  <system-out/>
  <testcase classname="demoblaze.DemoBlazeProject" name="testPlaceOrder" time="2.926"/>
  <system-out/>
</testsuite> <!-- demoblaze.DemoBlazeProject -->
