<?xml version="1.0" encoding="UTF-8"?>
<!-- Generated by org.testng.reporters.JUnitReportReporter -->
<testsuite hostname="ERMINA-PRECISION" failures="0" tests="3" name="demoblaze.DemoBlazeProject" time="8.171" errors="0" timestamp="2023-04-18T04:09:37 PDT" skipped="0">
  <testcase classname="demoblaze.DemoBlazeProject" name="testLogin" time="2.821"/>
  <system-out/>
  <testcase classname="demoblaze.DemoBlazeProject" name="testAddToCart" time="2.345"/>
  <system-out/>
  <testcase classname="demoblaze.DemoBlazeProject" name="testPlaceOrder" time="3.005"/>
  <system-out/>
</testsuite> <!-- demoblaze.DemoBlazeProject -->
